<?xml version="1.0" encoding="UTF-8"?>
<!-- Generated by org.testng.reporters.JUnitReportReporter -->
<testsuite hostname="wentwestjust-lm" name="org.commons.jconfig.config.App4ConfigTest" tests="1" failures="0" timestamp="18 Aug 2013 23:56:37 GMT" time="0.417" errors="1">
  <testcase name="getRatelimit" time="0.417" classname="org.commons.jconfig.config.App4ConfigTest">
    <error type="junit.framework.AssertionFailedError" message="expected:&lt;777&gt; but was:&lt;6006&gt;">
      <![CDATA[junit.framework.AssertionFailedError: expected:<777> but was:<6006>
	at org.commons.jconfig.config.App4ConfigTest.getRatelimit(App4ConfigTest.java:51)
	at sun.reflect.NativeMethodAccessorImpl.invoke0(Native Method)
	at java.lang.reflect.Method.invoke(Method.java:597)
]]>
    </error>
  </testcase> <!-- getRatelimit -->
</testsuite> <!-- org.commons.jconfig.config.App4ConfigTest -->
