<?xml version="1.0" encoding="UTF-8"?>
<!-- Generated by org.testng.reporters.JUnitReportReporter -->
<testsuite hostname="wentwestjust-lm" name="org.commons.jconfig.config.App2ConfigTest" tests="14" failures="0" timestamp="19 Aug 2013 01:10:28 GMT" time="0.049" errors="0">
  <testcase name="returnsSingletonInstance" time="0.000" classname="org.commons.jconfig.config.App2ConfigTest"/>
  <testcase name="getBufferSize" time="0.005" classname="org.commons.jconfig.config.App2ConfigTest"/>
  <testcase name="getTimeout" time="0.007" classname="org.commons.jconfig.config.App2ConfigTest"/>
  <testcase name="returnDifferentConfigInstancesForDifferentContexts" time="0.006" classname="org.commons.jconfig.config.App2ConfigTest"/>
  <testcase name="testCachedConfigInstance" time="0.001" classname="org.commons.jconfig.config.App2ConfigTest"/>
  <testcase name="getTimeoutProblem2" time="0.001" classname="org.commons.jconfig.config.App2ConfigTest"/>
  <testcase name="getCacheSize" time="0.007" classname="org.commons.jconfig.config.App2ConfigTest"/>
  <testcase name="cachedContextWithMissingSetType" time="0.007" classname="org.commons.jconfig.config.App2ConfigTest"/>
  <testcase name="getRocketstatSamplePercent" time="0.001" classname="org.commons.jconfig.config.App2ConfigTest"/>
  <testcase name="contextWithSameKeyValues" time="0.005" classname="org.commons.jconfig.config.App2ConfigTest"/>
  <testcase name="getBufferSizeMissing" time="0.004" classname="org.commons.jconfig.config.App2ConfigTest"/>
  <testcase name="getTimeoutProblem1" time="0.001" classname="org.commons.jconfig.config.App2ConfigTest"/>
  <testcase name="getFarm" time="0.004" classname="org.commons.jconfig.config.App2ConfigTest"/>
  <testcase name="getCluster" time="0.000" classname="org.commons.jconfig.config.App2ConfigTest"/>
</testsuite> <!-- org.commons.jconfig.config.App2ConfigTest -->
