<?xml version="1.0" encoding="UTF-8"?>
<!-- Generated by org.testng.reporters.JUnitReportReporter -->
<testsuite hostname="wentwestjust-lm" name="org.commons.jconfig.config.App2ConfigPropertiesTest" tests="9" failures="0" timestamp="19 Aug 2013 00:33:59 GMT" time="0.022" errors="0">
  <testcase name="getCluster" time="0.000" classname="org.commons.jconfig.config.App2ConfigPropertiesTest"/>
  <testcase name="getFarm" time="0.001" classname="org.commons.jconfig.config.App2ConfigPropertiesTest"/>
  <testcase name="getBufferSize" time="0.012" classname="org.commons.jconfig.config.App2ConfigPropertiesTest"/>
  <testcase name="getRocketstatSamplePercent" time="0.000" classname="org.commons.jconfig.config.App2ConfigPropertiesTest"/>
  <testcase name="getTimeout" time="0.000" classname="org.commons.jconfig.config.App2ConfigPropertiesTest"/>
  <testcase name="getBufferSizeMissing" time="0.007" classname="org.commons.jconfig.config.App2ConfigPropertiesTest"/>
  <testcase name="getCacheSize" time="0.001" classname="org.commons.jconfig.config.App2ConfigPropertiesTest"/>
  <testcase name="getTimeoutProblem2" time="0.000" classname="org.commons.jconfig.config.App2ConfigPropertiesTest"/>
  <testcase name="getTimeoutProblem1" time="0.001" classname="org.commons.jconfig.config.App2ConfigPropertiesTest"/>
</testsuite> <!-- org.commons.jconfig.config.App2ConfigPropertiesTest -->
