<?xml version="1.0" encoding="UTF-8"?>
<!-- Generated by org.testng.reporters.JUnitReportReporter -->
<testsuite hostname="wentwestjust-lm" name="org.commons.jconfig.loader.adapters.AutoConfAdapterTest" tests="1" failures="0" timestamp="19 Aug 2013 01:14:28 GMT" time="0.152" errors="0">
  <testcase name="testAutoConfConfigModuleAdapter" time="0.152" classname="org.commons.jconfig.loader.adapters.AutoConfAdapterTest"/>
</testsuite> <!-- org.commons.jconfig.loader.adapters.AutoConfAdapterTest -->
