<?xml version="1.0" encoding="UTF-8"?>
<!-- Generated by org.testng.reporters.JUnitReportReporter -->
<testsuite hostname="wentwestjust-lm" name="org.commons.jconfig.configloader.ConfigLoaderJmxTest" tests="10" failures="0" timestamp="19 Aug 2013 01:17:16 GMT" time="0.498" errors="0">
  <testcase name="setsTest" time="0.027" classname="org.commons.jconfig.configloader.ConfigLoaderJmxTest"/>
  <testcase name="createConfigAttributeTest" time="0.141" classname="org.commons.jconfig.configloader.ConfigLoaderJmxTest"/>
  <testcase name="loadAppConfigMissingConfigsTest" time="0.026" classname="org.commons.jconfig.configloader.ConfigLoaderJmxTest"/>
  <testcase name="moduleNameTest" time="0.001" classname="org.commons.jconfig.configloader.ConfigLoaderJmxTest"/>
  <testcase name="loadAppConfigMissingConfigTest" time="0.198" classname="org.commons.jconfig.configloader.ConfigLoaderJmxTest"/>
  <testcase name="loadModuleConfigsTest" time="0.037" classname="org.commons.jconfig.configloader.ConfigLoaderJmxTest"/>
  <testcase name="hasAttribute" time="0.001" classname="org.commons.jconfig.configloader.ConfigLoaderJmxTest"/>
  <testcase name="loadAppConfigsTest" time="0.052" classname="org.commons.jconfig.configloader.ConfigLoaderJmxTest"/>
  <testcase name="getNotificationInfoTest" time="0.001" classname="org.commons.jconfig.configloader.ConfigLoaderJmxTest"/>
  <testcase name="loadMissingAppConfigTest" time="0.014" classname="org.commons.jconfig.configloader.ConfigLoaderJmxTest"/>
</testsuite> <!-- org.commons.jconfig.configloader.ConfigLoaderJmxTest -->
