<?xml version="1.0" encoding="UTF-8"?>
<!-- Generated by org.testng.reporters.JUnitReportReporter -->
<testsuite hostname="wentwestjust-lm" name="org.commons.jconfig.configloader.ConfigLoaderRunnerTest" tests="1" failures="0" timestamp="19 Aug 2013 00:36:52 GMT" time="0.106" errors="0">
  <testcase name="loadLoaderConfig" time="0.106" classname="org.commons.jconfig.configloader.ConfigLoaderRunnerTest"/>
</testsuite> <!-- org.commons.jconfig.configloader.ConfigLoaderRunnerTest -->
