<?xml version="1.0" encoding="UTF-8"?>
<!-- Generated by org.testng.reporters.JUnitReportReporter -->
<testsuite hostname="wentwestjust-lm" name="org.commons.jconfig.loader.adapters.LsgAdapterTest" tests="3" failures="0" timestamp="19 Aug 2013 01:17:44 GMT" time="0.157" errors="0">
  <testcase name="testLSGAdapterMissingAutoConfFile" time="0.002" classname="org.commons.jconfig.loader.adapters.LsgAdapterTest"/>
  <testcase name="testLSGAdapter" time="0.153" classname="org.commons.jconfig.loader.adapters.LsgAdapterTest"/>
  <testcase name="testLSGAdapterMissingLsgConfig" time="0.002" classname="org.commons.jconfig.loader.adapters.LsgAdapterTest"/>
</testsuite> <!-- org.commons.jconfig.loader.adapters.LsgAdapterTest -->
