<?xml version="1.0" encoding="UTF-8"?>
<!-- Generated by org.testng.reporters.JUnitReportReporter -->
<testsuite hostname="wentwestjust-lm" name="com.yahoo.configloader.ConfigLoaderRunnerTest" tests="2" failures="0" timestamp="18 Aug 2013 22:44:32 GMT" time="3.132" errors="0">
  <testcase name="loadLoaderConfig" time="0.102" classname="com.yahoo.configloader.ConfigLoaderRunnerTest"/>
  <testcase name="runnerTest" time="3.030" classname="com.yahoo.configloader.ConfigLoaderRunnerTest"/>
</testsuite> <!-- com.yahoo.configloader.ConfigLoaderRunnerTest -->
